# timestamp | duration | file | instruction | dir | modtime | etag | size | fileId | status | errorString | http result code | other size | other modtime | X-Request-ID
#=#=#=# Syncrun started 2020-10-14T00:07:13Z
#=#=#=#=# Propagation starts 2020-10-14T00:07:23Z (last step: 10042 msec, total: 10042 msec)
#=#=#=# Syncrun finished 2020-10-14T00:07:23Z (last step: 63 msec, total: 10106 msec)
#=#=#=# Syncrun started 2020-10-14T17:19:36Z
#=#=#=#=# Propagation starts 2020-10-14T17:19:43Z (last step: 7083 msec, total: 7083 msec)
#=#=#=# Syncrun finished 2020-10-14T17:19:43Z (last step: 106 msec, total: 7189 msec)
#=#=#=# Syncrun started 2020-10-14T17:56:27Z
#=#=#=#=# Propagation starts 2020-10-14T17:56:27Z (last step: 944 msec, total: 944 msec)
17:56:26||Python Data Structures/3 - Using Python to Access Web Data/Week-3/Understanding the RequestResponse Cycle.py|INST_SYNC|Up|1602698185|286600a069aebe8edc68231a05434f7f|500|00028529ochvelgsn5v1|4||204|185|1602612322|2b00b1f4-03cc-4f35-b738-1d2603e4e00d|
#=#=#=# Syncrun finished 2020-10-14T17:56:29Z (last step: 1490 msec, total: 2434 msec)
#=#=#=# Syncrun started 2020-10-14T17:56:38Z
#=#=#=#=# Propagation starts 2020-10-14T17:56:42Z (last step: 3583 msec, total: 3583 msec)
17:56:40||Python Data Structures/3 - Using Python to Access Web Data/Week-3/Understanding the RequestResponse Cycle.py|INST_SYNC|Up|1602698196|138812612a8cf71df2c5e06ffabe3e17|500|00028529ochvelgsn5v1|4||204|500|1602698185|66090eb5-11ab-4549-9cef-236eee36531f|
#=#=#=# Syncrun finished 2020-10-14T17:56:49Z (last step: 7539 msec, total: 11122 msec)
#=#=#=# Syncrun started 2020-10-14T17:57:35Z
#=#=#=#=# Propagation starts 2020-10-14T17:57:38Z (last step: 3030 msec, total: 3030 msec)
#=#=#=# Syncrun finished 2020-10-14T17:57:38Z (last step: 11 msec, total: 3041 msec)
#=#=#=# Syncrun started 2020-10-14T17:57:43Z
#=#=#=#=# Propagation starts 2020-10-14T17:57:43Z (last step: 506 msec, total: 506 msec)
17:57:42||Python Data Structures/3 - Using Python to Access Web Data/Week-3/Understanding the RequestResponse Cycle.py|INST_SYNC|Up|1602698256|16130e61aab00dd52bd65113aa989cb8|528|00028529ochvelgsn5v1|4||204|500|1602698196|9a186cb4-683d-4f0e-805e-0598ca97d848|
#=#=#=# Syncrun finished 2020-10-14T17:57:44Z (last step: 798 msec, total: 1305 msec)
#=#=#=# Syncrun started 2020-10-14T17:58:35Z
#=#=#=#=# Propagation starts 2020-10-14T17:58:38Z (last step: 2883 msec, total: 2883 msec)
#=#=#=# Syncrun finished 2020-10-14T17:58:38Z (last step: 8 msec, total: 2891 msec)
#=#=#=# Syncrun started 2020-10-14T17:58:50Z
#=#=#=#=# Propagation starts 2020-10-14T17:58:50Z (last step: 522 msec, total: 522 msec)
17:58:49||Python Data Structures/3 - Using Python to Access Web Data/Week-3/Understanding the RequestResponse Cycle.py|INST_SYNC|Up|1602698328|492f20fc1fa7b7ef20c86c7f519f910a|577|00028529ochvelgsn5v1|4||204|528|1602698256|7e269bd9-6a72-4fae-a191-e1d6ceb4e7e6|
#=#=#=# Syncrun finished 2020-10-14T17:58:51Z (last step: 786 msec, total: 1309 msec)
#=#=#=# Syncrun started 2020-10-14T17:59:35Z
#=#=#=#=# Propagation starts 2020-10-14T17:59:37Z (last step: 2335 msec, total: 2335 msec)
#=#=#=# Syncrun finished 2020-10-14T17:59:37Z (last step: 9 msec, total: 2345 msec)
#=#=#=# Syncrun started 2020-10-14T18:01:52Z
#=#=#=#=# Propagation starts 2020-10-14T18:01:52Z (last step: 819 msec, total: 819 msec)
18:01:51||Python Data Structures/3 - Using Python to Access Web Data/Week-3/Understanding the RequestResponse Cycle.py|INST_SYNC|Up|1602698510|3d6bf2f8366347af6cd16f82c8389a4f|577|00028529ochvelgsn5v1|4||204|577|1602698328|030d1823-a187-425f-a2ef-60d6a42713e4|
#=#=#=# Syncrun finished 2020-10-14T18:01:57Z (last step: 4854 msec, total: 5673 msec)
#=#=#=# Syncrun started 2020-10-14T18:02:35Z
#=#=#=#=# Propagation starts 2020-10-14T18:02:37Z (last step: 1979 msec, total: 1979 msec)
#=#=#=# Syncrun finished 2020-10-14T18:02:37Z (last step: 8 msec, total: 1988 msec)
#=#=#=# Syncrun started 2020-10-14T18:04:43Z
#=#=#=#=# Propagation starts 2020-10-14T18:04:43Z (last step: 536 msec, total: 536 msec)
18:04:42||Python Data Structures/3 - Using Python to Access Web Data/Week-3/Understanding the RequestResponse Cycle.py|INST_SYNC|Up|1602698681|1aa80b5fdbb159404ed9865693802d9d|577|00028529ochvelgsn5v1|4||204|577|1602698510|85972270-6650-4578-9839-b823650a761a|
#=#=#=# Syncrun finished 2020-10-14T18:04:44Z (last step: 1273 msec, total: 1809 msec)
#=#=#=# Syncrun started 2020-10-14T18:05:40Z
#=#=#=#=# Propagation starts 2020-10-14T18:05:43Z (last step: 2504 msec, total: 2504 msec)
#=#=#=# Syncrun finished 2020-10-14T18:05:43Z (last step: 9 msec, total: 2514 msec)
#=#=#=# Syncrun started 2020-10-14T18:07:12Z
#=#=#=#=# Propagation starts 2020-10-14T18:07:12Z (last step: 519 msec, total: 519 msec)
18:07:11||Python Data Structures/3 - Using Python to Access Web Data/Week-3/Understanding the RequestResponse Cycle.py|INST_SYNC|Up|1602698830|b717a719c216d0cf12f6f27f164691e9|582|00028529ochvelgsn5v1|4||204|577|1602698681|4dbd8483-7179-48f2-a1b8-13eff3594d72|
#=#=#=# Syncrun finished 2020-10-14T18:07:13Z (last step: 867 msec, total: 1387 msec)
#=#=#=# Syncrun started 2020-10-14T18:08:05Z
#=#=#=#=# Propagation starts 2020-10-14T18:08:08Z (last step: 3063 msec, total: 3063 msec)
#=#=#=# Syncrun finished 2020-10-14T18:08:08Z (last step: 8 msec, total: 3071 msec)
#=#=#=# Syncrun started 2020-10-14T18:08:13Z
#=#=#=#=# Propagation starts 2020-10-14T18:08:13Z (last step: 512 msec, total: 512 msec)
18:08:12||Python Data Structures/3 - Using Python to Access Web Data/Week-3/Understanding the RequestResponse Cycle.py|INST_SYNC|Up|1602698891|d5ef1d5a4da96f86f087377270214c2d|653|00028529ochvelgsn5v1|4||204|582|1602698830|d9f2417f-3706-4b4c-8b24-43fe3ff05804|
#=#=#=# Syncrun finished 2020-10-14T18:08:14Z (last step: 787 msec, total: 1300 msec)
#=#=#=# Syncrun started 2020-10-14T18:08:40Z
#=#=#=#=# Propagation starts 2020-10-14T18:08:42Z (last step: 1796 msec, total: 1796 msec)
18:08:40||Python Data Structures/3 - Using Python to Access Web Data/Week-3/Understanding the RequestResponse Cycle.py|INST_SYNC|Up|1602698918|c24edc28a20fd6a7474ca9f64fc55e38|726|00028529ochvelgsn5v1|4||204|653|1602698891|aacbe294-3eec-434d-8718-17fe791814d1|
#=#=#=# Syncrun finished 2020-10-14T18:08:42Z (last step: 744 msec, total: 2541 msec)
#=#=#=# Syncrun started 2020-10-14T18:08:53Z
#=#=#=#=# Propagation starts 2020-10-14T18:08:56Z (last step: 2463 msec, total: 2463 msec)
18:08:55||Python Data Structures/3 - Using Python to Access Web Data/Week-3/Understanding the RequestResponse Cycle.py|INST_SYNC|Up|1602698931|cf671e579ccf75701e6dd2ac42321dc8|735|00028529ochvelgsn5v1|4||204|726|1602698918|d42b7153-a0b8-49fd-a725-4c23f7db29bc|
#=#=#=# Syncrun finished 2020-10-14T18:08:57Z (last step: 1608 msec, total: 4071 msec)
#=#=#=# Syncrun started 2020-10-14T18:09:08Z
#=#=#=#=# Propagation starts 2020-10-14T18:09:10Z (last step: 2551 msec, total: 2551 msec)
18:09:09||Python Data Structures/3 - Using Python to Access Web Data/Week-3/Understanding the RequestResponse Cycle.py|INST_SYNC|Up|1602698946|99cf8cef8c9abfcfb1362829782a8c81|735|00028529ochvelgsn5v1|4||204|735|1602698931|bf381b78-c8da-43b4-9290-ea451a2d45b6|
#=#=#=# Syncrun finished 2020-10-14T18:09:13Z (last step: 2207 msec, total: 4758 msec)
#=#=#=# Syncrun started 2020-10-14T18:10:05Z
#=#=#=#=# Propagation starts 2020-10-14T18:10:07Z (last step: 2054 msec, total: 2054 msec)
#=#=#=# Syncrun finished 2020-10-14T18:10:07Z (last step: 8 msec, total: 2063 msec)
#=#=#=# Syncrun started 2020-10-14T18:10:18Z
#=#=#=#=# Propagation starts 2020-10-14T18:10:18Z (last step: 542 msec, total: 542 msec)
18:10:17||Python Data Structures/3 - Using Python to Access Web Data/Week-3/Understanding the RequestResponse Cycle.py|INST_SYNC|Up|1602699016|3135439e3906a95e6fc1af8fe4ab8503|736|00028529ochvelgsn5v1|4||204|735|1602698946|fa381e84-25bc-4e5e-8112-d5817746edcf|
#=#=#=# Syncrun finished 2020-10-14T18:10:30Z (last step: 11259 msec, total: 11802 msec)
#=#=#=# Syncrun started 2020-10-14T18:11:10Z
#=#=#=#=# Propagation starts 2020-10-14T18:11:24Z (last step: 13621 msec, total: 13621 msec)
#=#=#=# Syncrun finished 2020-10-14T18:11:24Z (last step: 10 msec, total: 13632 msec)
#=#=#=# Syncrun started 2020-10-14T18:12:37Z
#=#=#=#=# Propagation starts 2020-10-14T18:12:38Z (last step: 813 msec, total: 813 msec)
18:12:36||Python Data Structures/3 - Using Python to Access Web Data/Week-3/Understanding the RequestResponse Cycle.py|INST_SYNC|Up|1602699155|0a364566b45da6f2f411b28f5547caf7|719|00028529ochvelgsn5v1|4||204|736|1602699016|fd735e27-ff1e-4970-be01-85773cf26bea|
#=#=#=# Syncrun finished 2020-10-14T18:12:39Z (last step: 1860 msec, total: 2674 msec)
#=#=#=# Syncrun started 2020-10-14T18:13:35Z
#=#=#=#=# Propagation starts 2020-10-14T18:13:37Z (last step: 2373 msec, total: 2373 msec)
#=#=#=# Syncrun finished 2020-10-14T18:13:37Z (last step: 10 msec, total: 2383 msec)
#=#=#=# Syncrun started 2020-10-14T18:13:57Z
#=#=#=#=# Propagation starts 2020-10-14T18:13:57Z (last step: 524 msec, total: 524 msec)
18:13:56||Python Data Structures/3 - Using Python to Access Web Data/Week-3/Understanding the RequestResponse Cycle.py|INST_SYNC|Up|1602699235|e9724c0fc5e807cfb6f5ecb5acfd4815|713|00028529ochvelgsn5v1|4||204|719|1602699155|5741b6b0-aa8c-413c-b60c-fec5cc240527|
#=#=#=# Syncrun finished 2020-10-14T18:13:58Z (last step: 834 msec, total: 1359 msec)
#=#=#=# Syncrun started 2020-10-14T18:14:07Z
#=#=#=#=# Propagation starts 2020-10-14T18:14:09Z (last step: 2278 msec, total: 2278 msec)
18:14:08||Python Data Structures/3 - Using Python to Access Web Data/Week-3/Understanding the RequestResponse Cycle.py|INST_SYNC|Up|1602699243|00dbe7c97f064d266ea4f7d4c71fcd72|722|00028529ochvelgsn5v1|4||204|713|1602699235|1ce3cbb8-00ad-4199-aae2-d7ff91fc571d|
#=#=#=# Syncrun finished 2020-10-14T18:14:10Z (last step: 799 msec, total: 3078 msec)
#=#=#=# Syncrun started 2020-10-14T18:14:17Z
#=#=#=#=# Propagation starts 2020-10-14T18:14:20Z (last step: 2570 msec, total: 2570 msec)
18:14:18||Python Data Structures/3 - Using Python to Access Web Data/Week-3/Understanding the RequestResponse Cycle.py|INST_SYNC|Up|1602699255|5e4181c06610cc56cd1517edb5ee3782|728|00028529ochvelgsn5v1|4||204|722|1602699243|f0a1dd61-5645-48a3-807e-cf063ba3eb22|
#=#=#=# Syncrun finished 2020-10-14T18:14:21Z (last step: 1852 msec, total: 4422 msec)
#=#=#=# Syncrun started 2020-10-14T18:14:40Z
#=#=#=#=# Propagation starts 2020-10-14T18:14:44Z (last step: 3916 msec, total: 3916 msec)
||Python Data Structures/3 - Using Python to Access Web Data/Week-3/Understanding the RequestResponse Cycle.py|INST_SYNC|Up|1602699283|5e4181c06610cc56cd1517edb5ee3782|504|00028529ochvelgsn5v1|3|Local file changed during sync.|0|728|1602699255||
#=#=#=# Syncrun finished 2020-10-14T18:14:44Z (last step: 25 msec, total: 3941 msec)
#=#=#=# Syncrun started 2020-10-14T18:14:47Z
#=#=#=#=# Propagation starts 2020-10-14T18:14:49Z (last step: 1859 msec, total: 1859 msec)
18:14:48||Python Data Structures/3 - Using Python to Access Web Data/Week-3/Understanding the RequestResponse Cycle.py|INST_SYNC|Up|1602699283|b987c84060e39503a7c56eb20c2dc485|504|00028529ochvelgsn5v1|4||204|728|1602699255|48152a39-8ae6-4ce7-803c-2917853b0940|
#=#=#=# Syncrun finished 2020-10-14T18:14:50Z (last step: 925 msec, total: 2785 msec)
#=#=#=# Syncrun started 2020-10-14T18:15:35Z
#=#=#=#=# Propagation starts 2020-10-14T18:15:37Z (last step: 2044 msec, total: 2044 msec)
#=#=#=# Syncrun finished 2020-10-14T18:15:37Z (last step: 20 msec, total: 2065 msec)
#=#=#=# Syncrun started 2020-10-14T18:15:39Z
#=#=#=#=# Propagation starts 2020-10-14T18:15:40Z (last step: 498 msec, total: 498 msec)
18:15:39||Python Data Structures/3 - Using Python to Access Web Data/Week-3/Understanding the RequestResponse Cycle.py|INST_SYNC|Up|1602699337|3517784504096de9dc73cd66060f2f4e|505|00028529ochvelgsn5v1|4||204|504|1602699283|cd0a5025-88fd-4965-ac13-b5bc4ebd6859|
#=#=#=# Syncrun finished 2020-10-14T18:15:41Z (last step: 1247 msec, total: 1745 msec)
#=#=#=# Syncrun started 2020-10-14T18:15:45Z
#=#=#=#=# Propagation starts 2020-10-14T18:15:53Z (last step: 7429 msec, total: 7429 msec)
18:15:51||Python Data Structures/3 - Using Python to Access Web Data/Week-3/Understanding the RequestResponse Cycle.py|INST_SYNC|Up|1602699350|aebc997bce2ec3545155d8cc34e693d6|504|00028529ochvelgsn5v1|4||204|505|1602699337|733b13b8-21cb-4b67-9c40-36f07e12d1e5|
#=#=#=# Syncrun finished 2020-10-14T18:15:59Z (last step: 6426 msec, total: 13856 msec)
#=#=#=# Syncrun started 2020-10-14T18:16:05Z
#=#=#=#=# Propagation starts 2020-10-14T18:16:07Z (last step: 2142 msec, total: 2142 msec)
18:16:06||Python Data Structures/3 - Using Python to Access Web Data/Week-3/Understanding the RequestResponse Cycle.py|INST_SYNC|Up|1602699359|ff9c50e0775549fd468e8584a1fce3b5|505|00028529ochvelgsn5v1|4||204|504|1602699350|1e6ce6d3-f5e2-4c1e-8b1f-c30b1c6b7297|
#=#=#=# Syncrun finished 2020-10-14T18:16:12Z (last step: 5033 msec, total: 7175 msec)
#=#=#=# Syncrun started 2020-10-14T18:17:10Z
#=#=#=#=# Propagation starts 2020-10-14T18:17:14Z (last step: 3615 msec, total: 3615 msec)
#=#=#=# Syncrun finished 2020-10-14T18:17:14Z (last step: 10 msec, total: 3626 msec)
#=#=#=# Syncrun started 2020-10-14T18:55:54Z
#=#=#=#=# Propagation starts 2020-10-14T18:55:55Z (last step: 752 msec, total: 752 msec)
18:55:54||Python Data Structures/3 - Using Python to Access Web Data/Week-4/Following Links in HTML Using BeautifulSoup.py|INST_SYNC|Up|1602701752|acdc5bc01d627944319dcccc9e05a786|1248|00028530ochvelgsn5v1|4||204|1739|1602278605|3c55fbad-62dd-4ed5-a61e-c82fc2b21bd7|
#=#=#=# Syncrun finished 2020-10-14T18:55:58Z (last step: 3096 msec, total: 3849 msec)
#=#=#=# Syncrun started 2020-10-14T18:56:04Z
#=#=#=#=# Propagation starts 2020-10-14T18:56:06Z (last step: 1886 msec, total: 1886 msec)
18:56:05||Python Data Structures/3 - Using Python to Access Web Data/Week-4/Scraping HTML Data with BeautifulSoup.py|INST_SYNC|Up|1602701762|2319404bc95f1ecdf17b6c79f26e88ce|885|00028528ochvelgsn5v1|4||204|1130|1602278605|0f0d1d40-7976-4a7c-ba3d-42459a68239a|
#=#=#=# Syncrun finished 2020-10-14T18:56:10Z (last step: 4053 msec, total: 5939 msec)
#=#=#=# Syncrun started 2020-10-14T18:57:10Z
#=#=#=#=# Propagation starts 2020-10-14T18:57:13Z (last step: 2549 msec, total: 2549 msec)
#=#=#=# Syncrun finished 2020-10-14T18:57:13Z (last step: 10 msec, total: 2560 msec)
#=#=#=# Syncrun started 2020-10-14T18:57:18Z
#=#=#=#=# Propagation starts 2020-10-14T18:57:18Z (last step: 498 msec, total: 498 msec)
18:57:17||Python Data Structures/3 - Using Python to Access Web Data/Week-4/Following Links in HTML Using BeautifulSoup.py|INST_SYNC|Up|1602701835|36decd1e9c9723c6673179ecffb1adb3|1400|00028530ochvelgsn5v1|4||204|1248|1602701752|00e586c4-6b92-4b86-9d2d-34077ae5b3ba|
#=#=#=# Syncrun finished 2020-10-14T18:57:19Z (last step: 1030 msec, total: 1528 msec)
#=#=#=# Syncrun started 2020-10-14T18:57:44Z
#=#=#=#=# Propagation starts 2020-10-14T18:57:46Z (last step: 2235 msec, total: 2235 msec)
18:57:45||Python Data Structures/3 - Using Python to Access Web Data/Week-4/Following Links in HTML Using BeautifulSoup.py|INST_SYNC|Up|1602701862|6cff460a2076149d209b25b7996936d5|1400|00028530ochvelgsn5v1|4||204|1400|1602701835|54adac19-2a57-4ade-b464-eb0bf0baac86|
#=#=#=# Syncrun finished 2020-10-14T18:57:47Z (last step: 771 msec, total: 3006 msec)
#=#=#=# Syncrun started 2020-10-14T18:57:59Z
#=#=#=#=# Propagation starts 2020-10-14T18:58:01Z (last step: 1758 msec, total: 1758 msec)
18:58:00||Python Data Structures/3 - Using Python to Access Web Data/Week-4/Following Links in HTML Using BeautifulSoup.py|INST_SYNC|Up|1602701877|c1ec50761d0ab577aa0ec71607ebee74|1409|00028530ochvelgsn5v1|4||204|1400|1602701862|42ffbfde-b0ff-4976-a311-4ca55ed9debe|
#=#=#=# Syncrun finished 2020-10-14T18:58:04Z (last step: 3508 msec, total: 5267 msec)
#=#=#=# Syncrun started 2020-10-14T18:58:35Z
#=#=#=#=# Propagation starts 2020-10-14T18:58:38Z (last step: 3004 msec, total: 3004 msec)
#=#=#=# Syncrun finished 2020-10-14T18:58:38Z (last step: 9 msec, total: 3013 msec)
#=#=#=# Syncrun started 2020-10-14T19:00:05Z
#=#=#=#=# Propagation starts 2020-10-14T19:00:06Z (last step: 825 msec, total: 825 msec)
19:00:05||Python Data Structures/3 - Using Python to Access Web Data/Week-4/Following Links in HTML Using BeautifulSoup.py|INST_SYNC|Up|1602702003|a06cefe9d657e66a7524da653194156a|1395|00028530ochvelgsn5v1|4||204|1409|1602701877|e82d17ed-776b-47b0-9404-cb0aaa2d1ca7|
#=#=#=# Syncrun finished 2020-10-14T19:00:09Z (last step: 3147 msec, total: 3973 msec)
#=#=#=# Syncrun started 2020-10-14T19:00:37Z
#=#=#=#=# Propagation starts 2020-10-14T19:00:40Z (last step: 3044 msec, total: 3044 msec)
19:00:39||Python Data Structures/3 - Using Python to Access Web Data/Week-4/Following Links in HTML Using BeautifulSoup.py|INST_SYNC|Up|1602702035|d671e41c5f232c260a255d1e3ed609a3|1396|00028530ochvelgsn5v1|4||204|1395|1602702003|d69a2314-f7b7-41ce-b219-4d0d9cf51c87|
#=#=#=# Syncrun finished 2020-10-14T19:00:48Z (last step: 8104 msec, total: 11148 msec)
#=#=#=# Syncrun started 2020-10-14T19:01:35Z
#=#=#=#=# Propagation starts 2020-10-14T19:01:37Z (last step: 2312 msec, total: 2312 msec)
#=#=#=# Syncrun finished 2020-10-14T19:01:37Z (last step: 9 msec, total: 2321 msec)
#=#=#=# Syncrun started 2020-10-14T19:15:34Z
#=#=#=#=# Propagation starts 2020-10-14T19:15:35Z (last step: 915 msec, total: 915 msec)
19:15:34||Python Data Structures/3 - Using Python to Access Web Data/Week-4/Following Links in HTML Using BeautifulSoup.py|INST_SYNC|Up|1602702932|a4f1fa13c8f2e0a98f291f096f58f178|1426|00028530ochvelgsn5v1|4||204|1396|1602702035|12223145-ef26-4bd7-bc32-846c5c918aa9|
#=#=#=# Syncrun finished 2020-10-14T19:15:37Z (last step: 1945 msec, total: 2860 msec)
#=#=#=# Syncrun started 2020-10-14T19:16:35Z
#=#=#=#=# Propagation starts 2020-10-14T19:16:37Z (last step: 2523 msec, total: 2523 msec)
#=#=#=# Syncrun finished 2020-10-14T19:16:37Z (last step: 11 msec, total: 2534 msec)
#=#=#=# Syncrun started 2020-10-14T19:17:36Z
#=#=#=#=# Propagation starts 2020-10-14T19:17:37Z (last step: 969 msec, total: 969 msec)
19:17:35||Python Data Structures/3 - Using Python to Access Web Data/Week-4/Following Links in HTML Using BeautifulSoup.py|INST_SYNC|Up|1602703054|9126b849f98a114e38a4699c50bc7c2a|1543|00028530ochvelgsn5v1|4||204|1426|1602702932|739f2b83-af27-4454-abea-679e463ad8a1|
#=#=#=# Syncrun finished 2020-10-14T19:17:38Z (last step: 1740 msec, total: 2709 msec)
#=#=#=# Syncrun started 2020-10-14T19:18:40Z
#=#=#=#=# Propagation starts 2020-10-14T19:18:43Z (last step: 2371 msec, total: 2371 msec)
#=#=#=# Syncrun finished 2020-10-14T19:18:43Z (last step: 8 msec, total: 2379 msec)
#=#=#=# Syncrun started 2020-10-14T19:34:52Z
#=#=#=#=# Propagation starts 2020-10-14T19:35:04Z (last step: 11791 msec, total: 11791 msec)
||Python Data Structures/3 - Using Python to Access Web Data/Week-4/Following Links in HTML Using BeautifulSoup.py|INST_SYNC|Up|1602704103|9126b849f98a114e38a4699c50bc7c2a|1714|00028530ochvelgsn5v1|3|Local file changed during sync.|0|1543|1602703054||
#=#=#=# Syncrun finished 2020-10-14T19:35:04Z (last step: 28 msec, total: 11820 msec)
#=#=#=# Syncrun started 2020-10-14T19:35:09Z
#=#=#=#=# Propagation starts 2020-10-14T19:35:11Z (last step: 1304 msec, total: 1304 msec)
19:35:10||Python Data Structures/3 - Using Python to Access Web Data/Week-4/Following Links in HTML Using BeautifulSoup.py|INST_SYNC|Up|1602704103|6328f996faf06e3df86a937eb10333ea|1714|00028530ochvelgsn5v1|4||204|1543|1602703054|08db610b-3325-445f-a005-c6d0fb34d9e5|
#=#=#=# Syncrun finished 2020-10-14T19:35:17Z (last step: 6666 msec, total: 7970 msec)
#=#=#=# Syncrun started 2020-10-14T19:35:22Z
#=#=#=#=# Propagation starts 2020-10-14T19:35:26Z (last step: 3629 msec, total: 3629 msec)
19:35:25||Python Data Structures/3 - Using Python to Access Web Data/Week-4/Following Links in HTML Using BeautifulSoup.py|INST_SYNC|Up|1602704120|1b5f895fd617f6a12915d3213f5b1d03|1715|00028530ochvelgsn5v1|4||204|1714|1602704103|7a6801b0-eb5f-41b7-8278-3cea03adef90|
#=#=#=# Syncrun finished 2020-10-14T19:35:29Z (last step: 2873 msec, total: 6503 msec)
#=#=#=# Syncrun started 2020-10-14T19:35:38Z
#=#=#=#=# Propagation starts 2020-10-14T19:35:41Z (last step: 2753 msec, total: 2753 msec)
19:35:40||Python Data Structures/3 - Using Python to Access Web Data/Week-4/Following Links in HTML Using BeautifulSoup.py|INST_SYNC|Up|1602704136|3fb72232866a51a8b64d7104e5797264|1716|00028530ochvelgsn5v1|4||204|1715|1602704120|c112a1eb-69da-470d-8c59-8501269f3a83|
#=#=#=# Syncrun finished 2020-10-14T19:35:42Z (last step: 1001 msec, total: 3754 msec)
#=#=#=# Syncrun started 2020-10-14T19:35:56Z
#=#=#=#=# Propagation starts 2020-10-14T19:35:58Z (last step: 2079 msec, total: 2079 msec)
19:35:57||Python Data Structures/3 - Using Python to Access Web Data/Week-4/Following Links in HTML Using BeautifulSoup.py|INST_SYNC|Up|1602704154|1b14041c623913f38954314e53c0633f|1716|00028530ochvelgsn5v1|4||204|1716|1602704136|6a9cda34-2642-4827-bbb8-e452254a2303|
#=#=#=# Syncrun finished 2020-10-14T19:36:01Z (last step: 2571 msec, total: 4650 msec)
#=#=#=# Syncrun started 2020-10-14T19:36:35Z
#=#=#=#=# Propagation starts 2020-10-14T19:36:38Z (last step: 2942 msec, total: 2942 msec)
#=#=#=# Syncrun finished 2020-10-14T19:36:38Z (last step: 8 msec, total: 2950 msec)
#=#=#=# Syncrun started 2020-10-14T19:39:53Z
#=#=#=#=# Propagation starts 2020-10-14T19:39:53Z (last step: 543 msec, total: 543 msec)
19:39:52||Python Data Structures/3 - Using Python to Access Web Data/Week-4/Following Links in HTML Using BeautifulSoup.py|INST_SYNC|Up|1602704391|01c1c3ea098c0695bf2fa65b0fd45fc4|1740|00028530ochvelgsn5v1|4||204|1716|1602704154|9f82bc15-d157-42d6-8efb-24a93ea922e8|
#=#=#=# Syncrun finished 2020-10-14T19:39:59Z (last step: 5459 msec, total: 6003 msec)
#=#=#=# Syncrun started 2020-10-14T19:40:40Z
#=#=#=#=# Propagation starts 2020-10-14T19:40:43Z (last step: 2597 msec, total: 2597 msec)
#=#=#=# Syncrun finished 2020-10-14T19:40:43Z (last step: 8 msec, total: 2606 msec)
#=#=#=# Syncrun started 2020-10-14T19:42:26Z
#=#=#=#=# Propagation starts 2020-10-14T19:42:26Z (last step: 525 msec, total: 525 msec)
19:42:25||Python Data Structures/3 - Using Python to Access Web Data/Week-4/Following Links in HTML Using BeautifulSoup.py|INST_SYNC|Up|1602704544|973cc8e46c49b5e6f866a2e8a55af98b|1834|00028530ochvelgsn5v1|4||204|1740|1602704391|94638086-41db-4bb2-96f9-d6e79c450940|
#=#=#=# Syncrun finished 2020-10-14T19:42:27Z (last step: 814 msec, total: 1339 msec)
#=#=#=# Syncrun started 2020-10-14T19:42:51Z
#=#=#=#=# Propagation starts 2020-10-14T19:42:53Z (last step: 2069 msec, total: 2069 msec)
19:42:52||Python Data Structures/3 - Using Python to Access Web Data/Week-4/Following Links in HTML Using BeautifulSoup.py|INST_SYNC|Up|1602704569|eaa8d9acb1f3354bb0711a0477537204|1839|00028530ochvelgsn5v1|4||204|1834|1602704544|5d71f205-518f-4899-9017-5dc4269bfc91|
#=#=#=# Syncrun finished 2020-10-14T19:42:53Z (last step: 799 msec, total: 2868 msec)
#=#=#=# Syncrun started 2020-10-14T19:43:28Z
#=#=#=#=# Propagation starts 2020-10-14T19:43:31Z (last step: 2575 msec, total: 2575 msec)
19:43:30||Python Data Structures/3 - Using Python to Access Web Data/Week-4/Following Links in HTML Using BeautifulSoup.py|INST_SYNC|Up|1602704606|9f6b33ca73d9c298ec31ea9a0c5ddae0|1901|00028530ochvelgsn5v1|4||204|1839|1602704569|dea456ad-f849-43ed-a2d5-0b2f93be55cd|
#=#=#=# Syncrun finished 2020-10-14T19:43:35Z (last step: 4195 msec, total: 6771 msec)
#=#=#=# Syncrun started 2020-10-14T19:43:41Z
#=#=#=#=# Propagation starts 2020-10-14T19:43:45Z (last step: 3446 msec, total: 3446 msec)
19:43:44||Python Data Structures/3 - Using Python to Access Web Data/Week-4/Following Links in HTML Using BeautifulSoup.py|INST_SYNC|Up|1602704616|b1e7a4700d1d91db0538487b715a33cf|1903|00028530ochvelgsn5v1|4||204|1901|1602704606|d5d05625-7553-4c68-a419-b32d5175d7bd|
#=#=#=# Syncrun finished 2020-10-14T19:43:46Z (last step: 740 msec, total: 4186 msec)
#=#=#=# Syncrun started 2020-10-14T19:44:03Z
#=#=#=#=# Propagation starts 2020-10-14T19:44:06Z (last step: 3087 msec, total: 3087 msec)
19:44:05||Python Data Structures/3 - Using Python to Access Web Data/Week-4/Following Links in HTML Using BeautifulSoup.py|INST_SYNC|Up|1602704641|faf33c56d5e4762c929690d10743fb61|1906|00028530ochvelgsn5v1|4||204|1903|1602704616|3c5401f9-3dc9-4be1-b37d-5eaf51d985b9|
#=#=#=# Syncrun finished 2020-10-14T19:44:13Z (last step: 6493 msec, total: 9581 msec)
#=#=#=# Syncrun started 2020-10-14T19:44:18Z
#=#=#=#=# Propagation starts 2020-10-14T19:44:20Z (last step: 1719 msec, total: 1719 msec)
19:44:19||Python Data Structures/3 - Using Python to Access Web Data/Week-4/Following Links in HTML Using BeautifulSoup.py|INST_SYNC|Up|1602704651|f4d7a211123b3e0f246d416990cf9b32|1906|00028530ochvelgsn5v1|4||204|1906|1602704641|45a894f6-492e-48cf-8a44-e733d539ee28|
#=#=#=# Syncrun finished 2020-10-14T19:44:21Z (last step: 1238 msec, total: 2957 msec)
#=#=#=# Syncrun started 2020-10-14T19:45:05Z
#=#=#=#=# Propagation starts 2020-10-14T19:45:07Z (last step: 2139 msec, total: 2139 msec)
#=#=#=# Syncrun finished 2020-10-14T19:45:07Z (last step: 8 msec, total: 2147 msec)
#=#=#=# Syncrun started 2020-10-14T20:07:51Z
#=#=#=#=# Propagation starts 2020-10-14T20:07:52Z (last step: 933 msec, total: 933 msec)
20:07:51||Python Data Structures/3 - Using Python to Access Web Data/Week-4/Scraping HTML Data with BeautifulSoup.py|INST_SYNC|Up|1602706069|232a1788a6ace3cbda73507ce6f0ec81|1321|00028528ochvelgsn5v1|4||204|885|1602701762|527e214c-43e8-45eb-a3a8-a2076c89728c|
#=#=#=# Syncrun finished 2020-10-14T20:07:57Z (last step: 5247 msec, total: 6181 msec)
#=#=#=# Syncrun started 2020-10-14T20:08:15Z
#=#=#=#=# Propagation starts 2020-10-14T20:08:17Z (last step: 1779 msec, total: 1779 msec)
20:08:16||Python Data Structures/3 - Using Python to Access Web Data/Week-4/Scraping HTML Data with BeautifulSoup.py|INST_SYNC|Up|1602706086|6c70d4a0d4a310b19f3c5bd127a89c7a|1316|00028528ochvelgsn5v1|4||204|1321|1602706069|9ee410cd-844c-487c-9d45-4c395b4417ad|
#=#=#=# Syncrun finished 2020-10-14T20:08:18Z (last step: 793 msec, total: 2572 msec)
#=#=#=# Syncrun started 2020-10-14T20:08:45Z
#=#=#=#=# Propagation starts 2020-10-14T20:08:48Z (last step: 2317 msec, total: 2317 msec)
20:08:47||Python Data Structures/3 - Using Python to Access Web Data/Week-4/Scraping HTML Data with BeautifulSoup.py|INST_SYNC|Up|1602706123|2025eaed4e327cee2b8e3b3d46e62a1a|1324|00028528ochvelgsn5v1|4||204|1316|1602706086|c04a9d98-4fe7-4edc-9437-d3616c841e42|
#=#=#=# Syncrun finished 2020-10-14T20:08:49Z (last step: 1334 msec, total: 3652 msec)
#=#=#=# Syncrun started 2020-10-14T20:09:35Z
#=#=#=#=# Propagation starts 2020-10-14T20:09:37Z (last step: 1769 msec, total: 1769 msec)
#=#=#=# Syncrun finished 2020-10-14T20:09:37Z (last step: 12 msec, total: 1781 msec)
#=#=#=# Syncrun started 2020-10-14T20:09:42Z
#=#=#=#=# Propagation starts 2020-10-14T20:09:43Z (last step: 513 msec, total: 513 msec)
20:09:42||Python Data Structures/3 - Using Python to Access Web Data/Week-4/Scraping HTML Data with BeautifulSoup.py|INST_SYNC|Up|1602706180|e8471c05db3ffa07ca7d723a6a9e20a2|1360|00028528ochvelgsn5v1|4||204|1324|1602706123|872219af-3bee-4c00-8441-9c31f9d9cc36|
#=#=#=# Syncrun finished 2020-10-14T20:09:44Z (last step: 784 msec, total: 1298 msec)
#=#=#=# Syncrun started 2020-10-14T20:09:54Z
#=#=#=#=# Propagation starts 2020-10-14T20:09:56Z (last step: 2231 msec, total: 2231 msec)
20:09:55||Python Data Structures/3 - Using Python to Access Web Data/Week-4/Scraping HTML Data with BeautifulSoup.py|INST_SYNC|Up|1602706192|a0b8edd33f05f17b7d5711fbd29e0ddd|1362|00028528ochvelgsn5v1|4||204|1360|1602706180|105274d1-b4e0-4799-82e8-0b1ebc102311|
#=#=#=# Syncrun finished 2020-10-14T20:09:59Z (last step: 3059 msec, total: 5291 msec)
#=#=#=# Syncrun started 2020-10-14T20:10:28Z
#=#=#=#=# Propagation starts 2020-10-14T20:10:30Z (last step: 2089 msec, total: 2089 msec)
20:10:29||Python Data Structures/3 - Using Python to Access Web Data/Week-4/Scraping HTML Data with BeautifulSoup.py|INST_SYNC|Up|1602706226|f54297bc8a24276288c649259d0b20f3|1379|00028528ochvelgsn5v1|4||204|1362|1602706192|2e7fc848-6ee2-4313-b07f-264d3a18d5fb|
#=#=#=# Syncrun finished 2020-10-14T20:10:30Z (last step: 757 msec, total: 2847 msec)
#=#=#=# Syncrun started 2020-10-14T20:10:36Z
#=#=#=#=# Propagation starts 2020-10-14T20:10:37Z (last step: 1795 msec, total: 1795 msec)
20:10:36||Python Data Structures/3 - Using Python to Access Web Data/Week-4/Scraping HTML Data with BeautifulSoup.py|INST_SYNC|Up|1602706234|edf226fb8be7194b0a34e445dde0d434|1376|00028528ochvelgsn5v1|4||204|1379|1602706226|585d1b2c-97d9-4172-8267-4739c497207d|
#=#=#=# Syncrun finished 2020-10-14T20:10:38Z (last step: 781 msec, total: 2577 msec)
#=#=#=# Syncrun started 2020-10-14T20:10:58Z
#=#=#=#=# Propagation starts 2020-10-14T20:11:00Z (last step: 2285 msec, total: 2285 msec)
20:10:59||Python Data Structures/3 - Using Python to Access Web Data/Week-4/Scraping HTML Data with BeautifulSoup.py|INST_SYNC|Up|1602706256|13cce4b4b108613c83cecdcb44c62b82|1378|00028528ochvelgsn5v1|4||204|1376|1602706234|4ae3eb6f-7949-44df-988c-f2360ae2b9e2|
#=#=#=# Syncrun finished 2020-10-14T20:11:16Z (last step: 15605 msec, total: 17891 msec)
#=#=#=# Syncrun started 2020-10-14T20:11:43Z
#=#=#=#=# Propagation starts 2020-10-14T20:12:18Z (last step: 35129 msec, total: 35129 msec)
20:12:17||Python Data Structures/3 - Using Python to Access Web Data/Week-4/Scraping HTML Data with BeautifulSoup.py|INST_SYNC|Up|1602706301|e3a611e4d7ea799c9ae677224a1b4840|1402|00028528ochvelgsn5v1|4||204|1378|1602706256|7648dc28-13be-4b20-aba5-7f8373aa2c3c|
#=#=#=# Syncrun finished 2020-10-14T20:12:26Z (last step: 8202 msec, total: 43331 msec)
#=#=#=# Syncrun started 2020-10-14T20:12:39Z
#=#=#=#=# Propagation starts 2020-10-14T20:12:41Z (last step: 2075 msec, total: 2075 msec)
20:12:40||Python Data Structures/3 - Using Python to Access Web Data/Week-4/Scraping HTML Data with BeautifulSoup.py|INST_SYNC|Up|1602706348|7ca532b5c542c4d9e5ad63638b9f7941|1404|00028528ochvelgsn5v1|4||204|1402|1602706301|62ed2c5d-c956-465d-9416-2f7627e018ca|
#=#=#=# Syncrun finished 2020-10-14T20:12:42Z (last step: 779 msec, total: 2854 msec)
#=#=#=# Syncrun started 2020-10-14T20:13:10Z
#=#=#=#=# Propagation starts 2020-10-14T20:13:13Z (last step: 2474 msec, total: 2474 msec)
20:13:12||Python Data Structures/3 - Using Python to Access Web Data/Week-4/Scraping HTML Data with BeautifulSoup.py|INST_SYNC|Up|1602706388|376da598e35db46364d8a37be617dfa8|1406|00028528ochvelgsn5v1|4||204|1404|1602706348|8d0342cc-2ecd-481f-86a3-76d70d8ca89a|
#=#=#=# Syncrun finished 2020-10-14T20:13:24Z (last step: 11624 msec, total: 14099 msec)
#=#=#=# Syncrun started 2020-10-14T20:14:05Z
#=#=#=#=# Propagation starts 2020-10-14T20:14:07Z (last step: 1977 msec, total: 1977 msec)
#=#=#=# Syncrun finished 2020-10-14T20:14:07Z (last step: 13 msec, total: 1990 msec)
#=#=#=# Syncrun started 2020-10-14T20:14:09Z
#=#=#=#=# Propagation starts 2020-10-14T20:14:10Z (last step: 481 msec, total: 481 msec)
20:14:09||Python Data Structures/3 - Using Python to Access Web Data/Week-4/Scraping HTML Data with BeautifulSoup.py|INST_SYNC|Up|1602706445|c940aacb83d16d741b9d9e9c40625c58|1407|00028528ochvelgsn5v1|4||204|1406|1602706388|c5c8bbe1-6279-4682-8589-e3b651ce5057|
#=#=#=# Syncrun finished 2020-10-14T20:14:11Z (last step: 960 msec, total: 1441 msec)
#=#=#=# Syncrun started 2020-10-14T20:14:40Z
#=#=#=#=# Propagation starts 2020-10-14T20:14:43Z (last step: 2391 msec, total: 2391 msec)
20:14:42||Python Data Structures/3 - Using Python to Access Web Data/Week-4/Following Links in HTML Using BeautifulSoup.py|INST_SYNC|Up|1602706478|8a2abcde868c302e9d88bd191604eaa9|1925|00028530ochvelgsn5v1|4||204|1906|1602704651|301b8501-3190-416b-af4d-7612460ae354|
#=#=#=# Syncrun finished 2020-10-14T20:14:44Z (last step: 1545 msec, total: 3936 msec)
#=#=#=# Syncrun started 2020-10-14T20:15:35Z
#=#=#=#=# Propagation starts 2020-10-14T20:15:37Z (last step: 2029 msec, total: 2029 msec)
#=#=#=# Syncrun finished 2020-10-14T20:15:37Z (last step: 8 msec, total: 2037 msec)
#=#=#=# Syncrun started 2020-10-14T20:15:46Z
#=#=#=#=# Propagation starts 2020-10-14T20:15:48Z (last step: 1859 msec, total: 1859 msec)
20:15:47||Python Data Structures/3 - Using Python to Access Web Data/Week-4/Scraping HTML Data with BeautifulSoup.py|INST_SYNC|Up|1602706544|bc3ba02fe1a72998f0cd318d296ae0a6|1420|00028528ochvelgsn5v1|4||204|1407|1602706445|244560ad-0163-4c82-a983-870c35650058|
#=#=#=# Syncrun finished 2020-10-14T20:15:49Z (last step: 843 msec, total: 2702 msec)
#=#=#=# Syncrun started 2020-10-14T20:16:13Z
#=#=#=#=# Propagation starts 2020-10-14T20:16:15Z (last step: 2095 msec, total: 2095 msec)
20:16:14||Python Data Structures/3 - Using Python to Access Web Data/Week-4/Scraping HTML Data with BeautifulSoup.py|INST_SYNC|Up|1602706571|f59f46f742e3e7f10452de36efd9a1be|1442|00028528ochvelgsn5v1|4||204|1420|1602706544|457b1087-d77f-45d9-ad73-587aa06166cb|
#=#=#=# Syncrun finished 2020-10-14T20:16:16Z (last step: 954 msec, total: 3049 msec)
#=#=#=# Syncrun started 2020-10-14T20:17:05Z
#=#=#=#=# Propagation starts 2020-10-14T20:17:07Z (last step: 2333 msec, total: 2333 msec)
#=#=#=# Syncrun finished 2020-10-14T20:17:07Z (last step: 11 msec, total: 2344 msec)
#=#=#=# Syncrun started 2020-10-14T20:17:19Z
#=#=#=#=# Propagation starts 2020-10-14T20:17:25Z (last step: 6082 msec, total: 6082 msec)
20:17:24||Python Data Structures/3 - Using Python to Access Web Data/Week-4/Scraping HTML Data with BeautifulSoup.py|INST_SYNC|Up|1602706637|a8bd73ceb5c19b4e002c90c2e6921791|1472|00028528ochvelgsn5v1|4||204|1442|1602706571|89863eca-61c7-4aff-a640-d3a15d3ed8ef|
#=#=#=# Syncrun finished 2020-10-14T20:17:32Z (last step: 6577 msec, total: 12660 msec)
#=#=#=# Syncrun started 2020-10-14T20:17:37Z
#=#=#=#=# Propagation starts 2020-10-14T20:18:08Z (last step: 30342 msec, total: 30342 msec)
20:18:07||Python Data Structures/3 - Using Python to Access Web Data/Week-4/Scraping HTML Data with BeautifulSoup.py|INST_SYNC|Up|1602706664|32c35c8ed6f4e0347e5518163d40b9c1|1470|00028528ochvelgsn5v1|4||204|1472|1602706637|90c80211-f992-4ccd-8b8f-41ca3799e76d|
#=#=#=# Syncrun finished 2020-10-14T20:18:09Z (last step: 780 msec, total: 31123 msec)
#=#=#=# Syncrun started 2020-10-14T20:18:20Z
#=#=#=#=# Propagation starts 2020-10-14T20:18:22Z (last step: 2415 msec, total: 2415 msec)
#=#=#=# Syncrun finished 2020-10-14T20:18:22Z (last step: 20 msec, total: 2435 msec)
#=#=#=# Syncrun started 2020-10-14T20:18:35Z
#=#=#=#=# Propagation starts 2020-10-14T20:18:36Z (last step: 780 msec, total: 780 msec)
20:18:35||Python Data Structures/3 - Using Python to Access Web Data/Week-4/Scraping HTML Data with BeautifulSoup.py|INST_SYNC|Up|1602706713|e16b61f82cf610ababc4ff3e8cfd5611|1492|00028528ochvelgsn5v1|4||204|1470|1602706664|500f4c00-bc84-46e5-87a7-5cd01a617ea9|
#=#=#=# Syncrun finished 2020-10-14T20:18:36Z (last step: 777 msec, total: 1558 msec)
#=#=#=# Syncrun started 2020-10-14T20:18:53Z
#=#=#=#=# Propagation starts 2020-10-14T20:18:56Z (last step: 2140 msec, total: 2140 msec)
20:18:54||Python Data Structures/3 - Using Python to Access Web Data/Week-4/Scraping HTML Data with BeautifulSoup.py|INST_SYNC|Up|1602706731|39474b9fbbc30097be4ceb05dc531ff9|1498|00028528ochvelgsn5v1|4||204|1492|1602706713|6fc93b91-411f-4179-b19b-4ed63cab684a|
#=#=#=# Syncrun finished 2020-10-14T20:18:57Z (last step: 1778 msec, total: 3919 msec)
#=#=#=# Syncrun started 2020-10-14T20:19:09Z
#=#=#=#=# Propagation starts 2020-10-14T20:19:13Z (last step: 3938 msec, total: 3938 msec)
||Python Data Structures/3 - Using Python to Access Web Data/Week-4/Scraping HTML Data with BeautifulSoup.py|INST_SYNC|Up|1602706752|39474b9fbbc30097be4ceb05dc531ff9|1506|00028528ochvelgsn5v1|3|Local file changed during sync.|0|1498|1602706731||
#=#=#=# Syncrun finished 2020-10-14T20:19:13Z (last step: 20 msec, total: 3959 msec)
#=#=#=# Syncrun started 2020-10-14T20:19:16Z
#=#=#=#=# Propagation starts 2020-10-14T20:19:18Z (last step: 1953 msec, total: 1953 msec)
20:19:17||Python Data Structures/3 - Using Python to Access Web Data/Week-4/Scraping HTML Data with BeautifulSoup.py|INST_SYNC|Up|1602706752|9d5d97ccb55c52a12f2564bb6b0e819a|1506|00028528ochvelgsn5v1|4||204|1498|1602706731|d06cbb75-4dc5-4737-b315-89ffa56881d7|
#=#=#=# Syncrun finished 2020-10-14T20:19:19Z (last step: 821 msec, total: 2774 msec)
#=#=#=# Syncrun started 2020-10-14T20:19:21Z
#=#=#=#=# Propagation starts 2020-10-14T20:19:24Z (last step: 2494 msec, total: 2494 msec)
20:19:23||Python Data Structures/3 - Using Python to Access Web Data/Week-4/Scraping HTML Data with BeautifulSoup.py|INST_SYNC|Up|1602706759|5d987140b60d7e854f2f9a1befe1618b|1508|00028528ochvelgsn5v1|4||204|1506|1602706752|8569fbc6-8782-4a93-a106-00c9d3f48cab|
#=#=#=# Syncrun finished 2020-10-14T20:19:25Z (last step: 1318 msec, total: 3812 msec)
#=#=#=# Syncrun started 2020-10-14T20:20:05Z
#=#=#=#=# Propagation starts 2020-10-14T20:20:07Z (last step: 2140 msec, total: 2140 msec)
#=#=#=# Syncrun finished 2020-10-14T20:20:07Z (last step: 8 msec, total: 2148 msec)
#=#=#=# Syncrun started 2020-10-14T20:22:43Z
#=#=#=#=# Propagation starts 2020-10-14T20:22:44Z (last step: 1007 msec, total: 1007 msec)
20:22:43||Python Data Structures/3 - Using Python to Access Web Data/Week-4/Scraping HTML Data with BeautifulSoup.py|INST_SYNC|Up|1602706961|cc10d36d54950662133989ebc45642fc|1502|00028528ochvelgsn5v1|4||204|1508|1602706759|da382aea-4ab1-42c5-8414-abe989d3290c|
#=#=#=# Syncrun finished 2020-10-14T20:22:55Z (last step: 10775 msec, total: 11783 msec)
#=#=#=# Syncrun started 2020-10-14T20:23:33Z
#=#=#=#=# Propagation starts 2020-10-14T20:23:46Z (last step: 13753 msec, total: 13753 msec)
20:23:45||Python Data Structures/3 - Using Python to Access Web Data/Week-4/Scraping HTML Data with BeautifulSoup.py|INST_SYNC|Up|1602707011|eac1d2158dac565e671ab8ee9a58b51e|1500|00028528ochvelgsn5v1|4||204|1502|1602706961|5fb2adce-f0f6-46c4-b1ee-8698b9d4f0e5|
#=#=#=# Syncrun finished 2020-10-14T20:23:47Z (last step: 852 msec, total: 14606 msec)
#=#=#=# Syncrun started 2020-10-14T20:24:22Z
#=#=#=#=# Propagation starts 2020-10-14T20:24:24Z (last step: 2050 msec, total: 2050 msec)
20:24:23||Python Data Structures/3 - Using Python to Access Web Data/Week-4/Scraping HTML Data with BeautifulSoup.py|INST_SYNC|Up|1602707060|53b0c4e555afed4675fd443789c9d578|1498|00028528ochvelgsn5v1|4||204|1500|1602707011|d9fd7fc4-f6fb-476d-b9ea-857d5d36e092|
#=#=#=# Syncrun finished 2020-10-14T20:24:25Z (last step: 789 msec, total: 2840 msec)
#=#=#=# Syncrun started 2020-10-14T20:25:05Z
#=#=#=#=# Propagation starts 2020-10-14T20:25:08Z (last step: 2895 msec, total: 2895 msec)
#=#=#=# Syncrun finished 2020-10-14T20:25:08Z (last step: 9 msec, total: 2904 msec)
#=#=#=# Syncrun started 2020-10-14T20:25:51Z
#=#=#=#=# Propagation starts 2020-10-14T20:25:51Z (last step: 541 msec, total: 541 msec)
20:25:50||Python Data Structures/3 - Using Python to Access Web Data/Week-4/Scraping HTML Data with BeautifulSoup.py|INST_SYNC|Up|1602707149|57333b3eb64bd251b8520208ed3b8892|1533|00028528ochvelgsn5v1|4||204|1498|1602707060|ea7f3dcd-920a-48fb-a02a-0b13c4edc278|
#=#=#=# Syncrun finished 2020-10-14T20:25:52Z (last step: 850 msec, total: 1391 msec)
#=#=#=# Syncrun started 2020-10-14T20:26:19Z
#=#=#=#=# Propagation starts 2020-10-14T20:26:22Z (last step: 2976 msec, total: 2976 msec)
20:26:21||Python Data Structures/3 - Using Python to Access Web Data/Week-4/Scraping HTML Data with BeautifulSoup.py|INST_SYNC|Up|1602707177|a3289dc42e91e6ff526b87ed270258df|1556|00028528ochvelgsn5v1|4||204|1533|1602707149|6655c1a6-5d37-4259-b4b9-a48ee5e7b802|
#=#=#=# Syncrun finished 2020-10-14T20:26:23Z (last step: 822 msec, total: 3798 msec)
#=#=#=# Syncrun started 2020-10-14T20:26:36Z
#=#=#=#=# Propagation starts 2020-10-14T20:26:39Z (last step: 2451 msec, total: 2451 msec)
20:26:38||Python Data Structures/3 - Using Python to Access Web Data/Week-4/Scraping HTML Data with BeautifulSoup.py|INST_SYNC|Up|1602707194|45935dde1bebbb21f996280c224d0905|1556|00028528ochvelgsn5v1|4||204|1556|1602707177|e9fffb37-797f-40b5-9a66-04d4a03bcec3|
#=#=#=# Syncrun finished 2020-10-14T20:26:40Z (last step: 884 msec, total: 3336 msec)
#=#=#=# Syncrun started 2020-10-14T20:26:46Z
#=#=#=#=# Propagation starts 2020-10-14T20:26:48Z (last step: 1814 msec, total: 1814 msec)
20:26:46||Python Data Structures/3 - Using Python to Access Web Data/Week-4/Scraping HTML Data with BeautifulSoup.py|INST_SYNC|Up|1602707204|b427ec1f7af7475596e9c6fa47abda1f|1559|00028528ochvelgsn5v1|4||204|1556|1602707194|035e1eff-d81f-4158-94ea-20dde2ae2430|
#=#=#=# Syncrun finished 2020-10-14T20:26:52Z (last step: 4261 msec, total: 6075 msec)
#=#=#=# Syncrun started 2020-10-14T20:26:59Z
#=#=#=#=# Propagation starts 2020-10-14T20:27:01Z (last step: 2076 msec, total: 2076 msec)
20:27:01||Python Data Structures/3 - Using Python to Access Web Data/Week-4/Scraping HTML Data with BeautifulSoup.py|INST_SYNC|Up|1602707217|7d849968778189a8e97d2018acd744db|1558|00028528ochvelgsn5v1|4||204|1559|1602707204|66f38834-f730-4f28-90d1-c4fb3ec2f8c0|
#=#=#=# Syncrun finished 2020-10-14T20:27:05Z (last step: 3602 msec, total: 5678 msec)
#=#=#=# Syncrun started 2020-10-14T20:27:35Z
#=#=#=#=# Propagation starts 2020-10-14T20:27:37Z (last step: 2352 msec, total: 2352 msec)
20:27:36||Python Data Structures/3 - Using Python to Access Web Data/Week-4/Scraping HTML Data with BeautifulSoup.py|INST_SYNC|Up|1602707253|9563996ddd911bc111d13dd36703435f|1400|00028528ochvelgsn5v1|4||204|1558|1602707217|5e88b4e2-8618-49a4-8fd2-3d2639ce7c91|
#=#=#=# Syncrun finished 2020-10-14T20:27:40Z (last step: 2613 msec, total: 4966 msec)
#=#=#=# Syncrun started 2020-10-14T20:27:44Z
#=#=#=#=# Propagation starts 2020-10-14T20:27:46Z (last step: 1938 msec, total: 1938 msec)
20:27:45||Python Data Structures/3 - Using Python to Access Web Data/Week-4/Scraping HTML Data with BeautifulSoup.py|INST_SYNC|Up|1602707259|0ef7d8467275e7052606db5d06158309|1402|00028528ochvelgsn5v1|4||204|1400|1602707253|20aa469b-fbe4-4658-b796-368739cb1313|
#=#=#=# Syncrun finished 2020-10-14T20:27:58Z (last step: 12089 msec, total: 14028 msec)
#=#=#=# Syncrun started 2020-10-14T20:28:04Z
#=#=#=#=# Propagation starts 2020-10-14T20:28:06Z (last step: 1951 msec, total: 1951 msec)
20:28:05||Python Data Structures/3 - Using Python to Access Web Data/Week-4/Scraping HTML Data with BeautifulSoup.py|INST_SYNC|Up|1602707266|fda7266ff64850cb087f7d48249a953a|1400|00028528ochvelgsn5v1|4||204|1402|1602707259|b415d13d-ad3c-46a1-831f-744ad0ce4acd|
#=#=#=# Syncrun finished 2020-10-14T20:28:08Z (last step: 2588 msec, total: 4540 msec)
#=#=#=# Syncrun started 2020-10-14T20:29:05Z
#=#=#=#=# Propagation starts 2020-10-14T20:29:07Z (last step: 2267 msec, total: 2267 msec)
#=#=#=# Syncrun finished 2020-10-14T20:29:07Z (last step: 11 msec, total: 2279 msec)
#=#=#=# Syncrun started 2020-10-14T20:53:14Z
#=#=#=#=# Propagation starts 2020-10-14T20:53:15Z (last step: 817 msec, total: 817 msec)
20:53:14||Python Data Structures/3 - Using Python to Access Web Data/Week-4/Scraping HTML Data with BeautifulSoup.py|INST_SYNC|Up|1602708792|6355c0b8b28c4b594bf60c36fcab995f|1425|00028528ochvelgsn5v1|4||204|1400|1602707266|8b15156a-9f8e-40e4-a011-09b1b56cca01|
#=#=#=# Syncrun finished 2020-10-14T20:53:16Z (last step: 1185 msec, total: 2002 msec)
#=#=#=# Syncrun started 2020-10-14T20:53:35Z
#=#=#=#=# Propagation starts 2020-10-14T20:53:37Z (last step: 2142 msec, total: 2142 msec)
20:53:36||Python Data Structures/3 - Using Python to Access Web Data/Week-4/Scraping HTML Data with BeautifulSoup.py|INST_SYNC|Up|1602708813|94a57049464b581dd4de7c331808ac64|1440|00028528ochvelgsn5v1|4||204|1425|1602708792|53af187a-40d6-422a-b78a-4fb04042c20d|
#=#=#=# Syncrun finished 2020-10-14T20:53:41Z (last step: 4608 msec, total: 6750 msec)
#=#=#=# Syncrun started 2020-10-14T20:53:49Z
#=#=#=#=# Propagation starts 2020-10-14T20:53:52Z (last step: 3749 msec, total: 3749 msec)
20:53:51||Python Data Structures/3 - Using Python to Access Web Data/Week-4/Scraping HTML Data with BeautifulSoup.py|INST_SYNC|Up|1602708827|325eb50c27616e852807e346e071a82c|1442|00028528ochvelgsn5v1|4||204|1440|1602708813|82f0b360-ad2f-4b2a-b2a3-6c527406fa84|
#=#=#=# Syncrun finished 2020-10-14T20:53:53Z (last step: 1006 msec, total: 4756 msec)
#=#=#=# Syncrun started 2020-10-14T20:53:57Z
#=#=#=#=# Propagation starts 2020-10-14T20:53:59Z (last step: 2457 msec, total: 2457 msec)
20:53:58||Python Data Structures/3 - Using Python to Access Web Data/Week-3/Understanding the RequestResponse Cycle.py|INST_SYNC|Up|1602708832|2e189557b06c728adbeec170bc48414c|505|00028529ochvelgsn5v1|4||204|505|1602699359|b3dbff6f-e04d-4e3c-a3b3-54a93737311d|
#=#=#=# Syncrun finished 2020-10-14T20:54:03Z (last step: 3861 msec, total: 6319 msec)
#=#=#=# Syncrun started 2020-10-14T20:54:35Z
#=#=#=#=# Propagation starts 2020-10-14T20:54:37Z (last step: 2458 msec, total: 2458 msec)
#=#=#=# Syncrun finished 2020-10-14T20:54:37Z (last step: 11 msec, total: 2469 msec)
#=#=#=# Syncrun started 2020-10-14T20:56:41Z
#=#=#=#=# Propagation starts 2020-10-14T20:56:42Z (last step: 1047 msec, total: 1047 msec)
20:56:41||Python Data Structures/3 - Using Python to Access Web Data/Week-4/Scraping HTML Data with BeautifulSoup.py|INST_SYNC|Up|1602708999|c4204b335677e65a9c0c38701be33c7f|1463|00028528ochvelgsn5v1|4||204|1442|1602708827|3b090f94-2997-4673-a44e-27b4cb7a5dc3|
#=#=#=# Syncrun finished 2020-10-14T20:56:44Z (last step: 2815 msec, total: 3862 msec)
#=#=#=# Syncrun started 2020-10-14T20:57:11Z
#=#=#=#=# Propagation starts 2020-10-14T20:57:12Z (last step: 1772 msec, total: 1772 msec)
20:57:11||Python Data Structures/3 - Using Python to Access Web Data/Week-4/Scraping HTML Data with BeautifulSoup.py|INST_SYNC|Up|1602709029|c305bef1491e5d0950b09d1422d6a9ae|1484|00028528ochvelgsn5v1|4||204|1463|1602708999|6db9736d-bae3-4a1f-a766-f9dfd367aab5|
#=#=#=# Syncrun finished 2020-10-14T20:57:13Z (last step: 745 msec, total: 2517 msec)
#=#=#=# Syncrun started 2020-10-14T20:57:20Z
#=#=#=#=# Propagation starts 2020-10-14T20:57:22Z (last step: 1773 msec, total: 1773 msec)
20:57:21||Python Data Structures/3 - Using Python to Access Web Data/Week-4/Scraping HTML Data with BeautifulSoup.py|INST_SYNC|Up|1602709038|a15db62d8e360d713816502b9fe3f635|1479|00028528ochvelgsn5v1|4||204|1484|1602709029|a4ed7fb7-0e2e-47ff-8673-17d462024faf|
#=#=#=# Syncrun finished 2020-10-14T20:57:25Z (last step: 3158 msec, total: 4932 msec)
#=#=#=# Syncrun started 2020-10-14T20:58:05Z
#=#=#=#=# Propagation starts 2020-10-14T20:58:08Z (last step: 3136 msec, total: 3136 msec)
20:58:07||Python Data Structures/3 - Using Python to Access Web Data/Week-4/Scraping HTML Data with BeautifulSoup.py|INST_SYNC|Up|1602709083|44e2aaad037f8c4d1ed55b7abdd76457|1429|00028528ochvelgsn5v1|4||204|1479|1602709038|353bfc6d-c349-4569-8ea6-886101af8d2d|
#=#=#=# Syncrun finished 2020-10-14T20:58:13Z (last step: 5237 msec, total: 8373 msec)
#=#=#=# Syncrun started 2020-10-14T20:58:18Z
#=#=#=#=# Propagation starts 2020-10-14T20:58:20Z (last step: 1804 msec, total: 1804 msec)
20:58:19||Python Data Structures/3 - Using Python to Access Web Data/Week-4/Scraping HTML Data with BeautifulSoup.py|INST_SYNC|Up|1602709092|d4a4ebc3b6fd3db1c026fc150f12d226|1435|00028528ochvelgsn5v1|4||204|1429|1602709083|374ce959-0621-4351-bf18-db7a6700787c|
#=#=#=# Syncrun finished 2020-10-14T20:58:21Z (last step: 901 msec, total: 2705 msec)
#=#=#=# Syncrun started 2020-10-14T20:59:05Z
#=#=#=#=# Propagation starts 2020-10-14T20:59:08Z (last step: 2634 msec, total: 2634 msec)
#=#=#=# Syncrun finished 2020-10-14T20:59:08Z (last step: 9 msec, total: 2643 msec)
#=#=#=# Syncrun started 2020-10-14T22:16:10Z
#=#=#=#=# Propagation starts 2020-10-14T22:16:11Z (last step: 815 msec, total: 815 msec)
22:16:10||Python Data Structures/3 - Using Python to Access Web Data/Week-5/Extracting Data from XML.py|INST_SYNC|Up|1602713768|f16448b3586fbfb91c92314ebd2303fc|910|00028531ochvelgsn5v1|4||204|1216|1602278605|9485326e-23b7-41dc-a692-676f420ffc8f|
#=#=#=# Syncrun finished 2020-10-14T22:16:12Z (last step: 914 msec, total: 1729 msec)
#=#=#=# Syncrun started 2020-10-14T22:16:26Z
#=#=#=#=# Propagation starts 2020-10-14T22:16:30Z (last step: 3957 msec, total: 3957 msec)
22:16:29||Python Data Structures/3 - Using Python to Access Web Data/Week-4/Scraping HTML Data with BeautifulSoup.py|INST_SYNC|Up|1602713784|59db4db2c5933f7836d44a003b68ec73|1413|00028528ochvelgsn5v1|4||204|1435|1602709092|7eeca619-d32b-4aeb-ab6c-94a9d9bf82f2|
#=#=#=# Syncrun finished 2020-10-14T22:16:31Z (last step: 845 msec, total: 4802 msec)
#=#=#=# Syncrun started 2020-10-14T22:17:05Z
#=#=#=#=# Propagation starts 2020-10-14T22:17:07Z (last step: 2016 msec, total: 2016 msec)
#=#=#=# Syncrun finished 2020-10-14T22:17:07Z (last step: 9 msec, total: 2026 msec)
#=#=#=# Syncrun started 2020-10-14T22:20:08Z
#=#=#=#=# Propagation starts 2020-10-14T22:20:09Z (last step: 1776 msec, total: 1776 msec)
22:20:08||Python Data Structures/3 - Using Python to Access Web Data/Week-5/Extracting Data from XML.py|INST_SYNC|Up|1602714006|d7aaa03985d45d989201fac4c5ca548f|1105|00028531ochvelgsn5v1|4||204|910|1602713768|c28b5b19-4648-4de1-99ad-b75a72f7c9f6|
#=#=#=# Syncrun finished 2020-10-14T22:20:10Z (last step: 844 msec, total: 2620 msec)
#=#=#=# Syncrun started 2020-10-14T22:20:38Z
#=#=#=#=# Propagation starts 2020-10-14T22:20:40Z (last step: 2062 msec, total: 2062 msec)
22:20:39||Python Data Structures/3 - Using Python to Access Web Data/Week-5/Extracting Data from XML.py|INST_SYNC|Up|1602714036|dcc2d775c7e5d02f06ffc40e4d887984|1144|00028531ochvelgsn5v1|4||204|1105|1602714006|e66e2240-1b70-4a9a-a894-ca49ee2731ad|
#=#=#=# Syncrun finished 2020-10-14T22:20:41Z (last step: 1409 msec, total: 3471 msec)
#=#=#=# Syncrun started 2020-10-14T22:21:00Z
#=#=#=#=# Propagation starts 2020-10-14T22:21:03Z (last step: 2435 msec, total: 2435 msec)
22:21:02||Python Data Structures/3 - Using Python to Access Web Data/Week-5/Extracting Data from XML.py|INST_SYNC|Up|1602714058|fc8a1a8093211c4bec13c705c462dec0|1186|00028531ochvelgsn5v1|4||204|1144|1602714036|e001743c-bf96-4ac3-94ce-4647d09c9537|
#=#=#=# Syncrun finished 2020-10-14T22:21:04Z (last step: 1454 msec, total: 3889 msec)
#=#=#=# Syncrun started 2020-10-14T22:21:07Z
#=#=#=#=# Propagation starts 2020-10-14T22:21:11Z (last step: 3263 msec, total: 3263 msec)
22:21:10||Python Data Structures/3 - Using Python to Access Web Data/Week-5/Extracting Data from XML.py|INST_SYNC|Up|1602714065|c01a6eebdd9e2eae6d9924450032bbac|1181|00028531ochvelgsn5v1|4||204|1186|1602714058|87bdb966-96b3-4c09-aa82-f40ee5ac33bc|
#=#=#=# Syncrun finished 2020-10-14T22:21:16Z (last step: 5023 msec, total: 8287 msec)
#=#=#=# Syncrun started 2020-10-14T22:21:34Z
#=#=#=#=# Propagation starts 2020-10-14T22:21:41Z (last step: 7590 msec, total: 7590 msec)
22:21:41||Python Data Structures/3 - Using Python to Access Web Data/Week-5/Extracting Data from XML.py|INST_SYNC|Up|1602714092|10d6b1065ae93d76a9f58cff81386ce1|1186|00028531ochvelgsn5v1|4||204|1181|1602714065|353f276b-b29d-43c5-bec5-4bc99bc1fa5a|
#=#=#=# Syncrun finished 2020-10-14T22:21:46Z (last step: 4380 msec, total: 11971 msec)
#=#=#=# Syncrun started 2020-10-14T22:21:56Z
#=#=#=#=# Propagation starts 2020-10-14T22:21:58Z (last step: 2048 msec, total: 2048 msec)
22:21:57||Python Data Structures/3 - Using Python to Access Web Data/Week-5/Extracting Data from XML.py|INST_SYNC|Up|1602714114|d2fcbed1df6a2e524141ee7ed4cf946a|1193|00028531ochvelgsn5v1|4||204|1186|1602714092|87182033-6ff9-4250-95a3-ac431b483393|
#=#=#=# Syncrun finished 2020-10-14T22:22:03Z (last step: 5488 msec, total: 7536 msec)
#=#=#=# Syncrun started 2020-10-14T22:22:35Z
#=#=#=#=# Propagation starts 2020-10-14T22:22:38Z (last step: 2323 msec, total: 2323 msec)
#=#=#=# Syncrun finished 2020-10-14T22:22:38Z (last step: 11 msec, total: 2335 msec)
#=#=#=# Syncrun started 2020-10-14T22:23:27Z
#=#=#=#=# Propagation starts 2020-10-14T22:23:28Z (last step: 806 msec, total: 806 msec)
22:23:27||Python Data Structures/3 - Using Python to Access Web Data/Week-5/Extracting Data from XML.py|INST_SYNC|Up|1602714205|0b21e5653af9adfb6709993011e50ede|1210|00028531ochvelgsn5v1|4||204|1193|1602714114|7be00efb-d0c8-4faa-9ef1-14880d70ba7e|
#=#=#=# Syncrun finished 2020-10-14T22:23:29Z (last step: 816 msec, total: 1622 msec)
#=#=#=# Syncrun started 2020-10-14T22:23:38Z
#=#=#=#=# Propagation starts 2020-10-14T22:23:41Z (last step: 3104 msec, total: 3104 msec)
22:23:40||Python Data Structures/3 - Using Python to Access Web Data/Week-5/Extracting Data from XML.py|INST_SYNC|Up|1602714216|3aa556afc77d2b8af30c331c57186cec|1209|00028531ochvelgsn5v1|4||204|1210|1602714205|d99629b9-ec30-4679-a56b-44f05ec57454|
#=#=#=# Syncrun finished 2020-10-14T22:23:42Z (last step: 850 msec, total: 3954 msec)
#=#=#=# Syncrun started 2020-10-14T22:24:13Z
#=#=#=#=# Propagation starts 2020-10-14T22:24:15Z (last step: 2192 msec, total: 2192 msec)
22:24:14||Python Data Structures/3 - Using Python to Access Web Data/Week-5/Extracting Data from XML.py|INST_SYNC|Up|1602714251|96d6b2000aa572e6d3c487bb05247ad0|1282|00028531ochvelgsn5v1|4||204|1209|1602714216|069d95d6-0143-4f99-9b6c-14921bef17f8|
#=#=#=# Syncrun finished 2020-10-14T22:24:29Z (last step: 13696 msec, total: 15888 msec)
#=#=#=# Syncrun started 2020-10-14T22:24:38Z
#=#=#=#=# Propagation starts 2020-10-14T22:24:40Z (last step: 2241 msec, total: 2241 msec)
22:24:39||Python Data Structures/3 - Using Python to Access Web Data/Week-5/Extracting Data from XML.py|INST_SYNC|Up|1602714276|b8f59bff34586dad3d9b932c91be1502|1308|00028531ochvelgsn5v1|4||204|1282|1602714251|204a5285-ec04-4829-a6a7-1cfd11c33cc7|
#=#=#=# Syncrun finished 2020-10-14T22:24:42Z (last step: 2266 msec, total: 4507 msec)
#=#=#=# Syncrun started 2020-10-14T22:24:54Z
#=#=#=#=# Propagation starts 2020-10-14T22:24:56Z (last step: 2207 msec, total: 2207 msec)
22:24:56||Python Data Structures/3 - Using Python to Access Web Data/Week-5/Extracting Data from XML.py|INST_SYNC|Up|1602714292|70752ae7e36ef0b332eb22a9a0b7944f|1320|00028531ochvelgsn5v1|4||204|1308|1602714276|500a6883-3fbb-4ca7-90e1-574699f5e604|
#=#=#=# Syncrun finished 2020-10-14T22:24:58Z (last step: 2310 msec, total: 4517 msec)
#=#=#=# Syncrun started 2020-10-14T22:25:20Z
#=#=#=#=# Propagation starts 2020-10-14T22:25:22Z (last step: 2064 msec, total: 2064 msec)
22:25:21||Python Data Structures/3 - Using Python to Access Web Data/Week-5/Extracting Data from XML.py|INST_SYNC|Up|1602714318|9907aaa33fc3648dd88d44831d5b9c73|1314|00028531ochvelgsn5v1|4||204|1320|1602714292|0e3cb8bf-6294-4e27-92a1-1bc50bebed4f|
#=#=#=# Syncrun finished 2020-10-14T22:25:31Z (last step: 9184 msec, total: 11249 msec)
#=#=#=# Syncrun started 2020-10-14T22:26:05Z
#=#=#=#=# Propagation starts 2020-10-14T22:26:08Z (last step: 2262 msec, total: 2262 msec)
#=#=#=# Syncrun finished 2020-10-14T22:26:08Z (last step: 14 msec, total: 2277 msec)
#=#=#=# Syncrun started 2020-10-14T22:26:53Z
#=#=#=#=# Propagation starts 2020-10-14T22:26:53Z (last step: 833 msec, total: 833 msec)
22:26:53||Python Data Structures/3 - Using Python to Access Web Data/Week-5/Extracting Data from XML.py|INST_SYNC|Up|1602714411|29e9dc3295e8f55ba2778812e57f4610|1311|00028531ochvelgsn5v1|4||204|1314|1602714318|a08a249e-bc71-41ed-aaf7-5f48d90de540|
#=#=#=# Syncrun finished 2020-10-14T22:26:54Z (last step: 839 msec, total: 1672 msec)
#=#=#=# Syncrun started 2020-10-14T22:27:05Z
#=#=#=#=# Propagation starts 2020-10-14T22:27:07Z (last step: 2014 msec, total: 2014 msec)
22:27:06||Python Data Structures/3 - Using Python to Access Web Data/Week-5/Extracting Data from XML.py|INST_SYNC|Up|1602714423|c331dcfbde478623bc80345c171430c6|1314|00028531ochvelgsn5v1|4||204|1311|1602714411|f56d81b6-ccb9-4f75-b416-98401e56957d|
#=#=#=# Syncrun finished 2020-10-14T22:27:08Z (last step: 1909 msec, total: 3924 msec)
#=#=#=# Syncrun started 2020-10-14T22:28:05Z
#=#=#=#=# Propagation starts 2020-10-14T22:28:10Z (last step: 4233 msec, total: 4233 msec)
#=#=#=# Syncrun finished 2020-10-14T22:28:10Z (last step: 9 msec, total: 4243 msec)
#=#=#=# Syncrun started 2020-10-14T22:29:47Z
#=#=#=#=# Propagation starts 2020-10-14T22:29:47Z (last step: 537 msec, total: 537 msec)
22:29:46||Python Data Structures/3 - Using Python to Access Web Data/Week-5/Extracting Data from XML.py|INST_SYNC|Up|1602714585|5651c6cdeb0e387f83fdbd2e8b8281ab|1325|00028531ochvelgsn5v1|4||204|1314|1602714423|d2ed82c1-e257-43bc-b68b-42aa8eb8a344|
#=#=#=# Syncrun finished 2020-10-14T22:29:48Z (last step: 802 msec, total: 1340 msec)
#=#=#=# Syncrun started 2020-10-14T22:30:35Z
#=#=#=#=# Propagation starts 2020-10-14T22:30:39Z (last step: 3458 msec, total: 3458 msec)
#=#=#=# Syncrun finished 2020-10-14T22:30:39Z (last step: 13 msec, total: 3471 msec)
#=#=#=# Syncrun started 2020-10-14T22:32:46Z
#=#=#=#=# Propagation starts 2020-10-14T22:32:47Z (last step: 763 msec, total: 763 msec)
22:32:46||Python Data Structures/3 - Using Python to Access Web Data/Week-5/Extracting Data from XML.py|INST_SYNC|Up|1602714764|6cd70b7743e3341f263e5c90f34480b1|1315|00028531ochvelgsn5v1|4||204|1325|1602714585|21ed45bb-a41b-4dad-a250-7bdec248fc58|
#=#=#=# Syncrun finished 2020-10-14T22:32:48Z (last step: 1291 msec, total: 2055 msec)
#=#=#=# Syncrun started 2020-10-14T22:33:08Z
#=#=#=#=# Propagation starts 2020-10-14T22:33:10Z (last step: 1884 msec, total: 1884 msec)
22:33:09||Python Data Structures/3 - Using Python to Access Web Data/Week-5/Extracting Data from XML.py|INST_SYNC|Up|1602714786|6e6c4e2e4c461171bb0e6a3fb579285b|1272|00028531ochvelgsn5v1|4||204|1315|1602714764|b8e638a5-56e6-49cc-b23e-ca507c81fa67|
#=#=#=# Syncrun finished 2020-10-14T22:33:15Z (last step: 5198 msec, total: 7083 msec)
#=#=#=# Syncrun started 2020-10-14T22:33:30Z
#=#=#=#=# Propagation starts 2020-10-14T22:33:32Z (last step: 2286 msec, total: 2286 msec)
22:33:31||Python Data Structures/3 - Using Python to Access Web Data/Week-5/Extracting Data from XML.py|INST_SYNC|Up|1602714808|ee1ff627f18edbcbe0bc5be9a21a0045|1289|00028531ochvelgsn5v1|4||204|1272|1602714786|db760d29-b60f-4075-82f3-52dba89523e7|
#=#=#=# Syncrun finished 2020-10-14T22:33:34Z (last step: 2462 msec, total: 4749 msec)
#=#=#=# Syncrun started 2020-10-14T22:33:42Z
#=#=#=#=# Propagation starts 2020-10-14T22:33:44Z (last step: 2391 msec, total: 2391 msec)
22:33:43||Python Data Structures/3 - Using Python to Access Web Data/Week-5/Extracting Data from XML.py|INST_SYNC|Up|1602714820|c1a0b74f7d23218bd3c8cdf26c699761|1272|00028531ochvelgsn5v1|4||204|1289|1602714808|94680513-b4f3-4b31-be12-6b0d03c88457|
#=#=#=# Syncrun finished 2020-10-14T22:33:49Z (last step: 5068 msec, total: 7459 msec)
#=#=#=# Syncrun started 2020-10-14T22:34:35Z
#=#=#=#=# Propagation starts 2020-10-14T22:34:37Z (last step: 1693 msec, total: 1693 msec)
#=#=#=# Syncrun finished 2020-10-14T22:34:37Z (last step: 10 msec, total: 1704 msec)
#=#=#=# Syncrun started 2020-10-14T22:41:27Z
#=#=#=#=# Propagation starts 2020-10-14T22:41:28Z (last step: 814 msec, total: 814 msec)
22:41:27||Python Data Structures/3 - Using Python to Access Web Data/Week-5/Extracting Data from XML.py|INST_SYNC|Up|1602715285|ad32ff5618d7f4a5f2cb7ebfe4350005|1484|00028531ochvelgsn5v1|4||204|1272|1602714820|998c5202-cfa0-461b-aeb3-0901623d8333|
#=#=#=# Syncrun finished 2020-10-14T22:41:29Z (last step: 800 msec, total: 1615 msec)
#=#=#=# Syncrun started 2020-10-14T22:42:05Z
#=#=#=#=# Propagation starts 2020-10-14T22:42:07Z (last step: 1989 msec, total: 1989 msec)
#=#=#=# Syncrun finished 2020-10-14T22:42:07Z (last step: 8 msec, total: 1998 msec)
#=#=#=# Syncrun started 2020-10-14T22:43:05Z
#=#=#=#=# Propagation starts 2020-10-14T22:43:05Z (last step: 578 msec, total: 578 msec)
22:43:04||Python Data Structures/3 - Using Python to Access Web Data/Week-5/Extracting Data from XML.py|INST_SYNC|Up|1602715383|0ab7aa3465b18d073917d692cfe8e13b|1508|00028531ochvelgsn5v1|4||204|1484|1602715285|021f2224-b8e4-4263-8693-3d2e317e075a|
#=#=#=# Syncrun finished 2020-10-14T22:43:14Z (last step: 8827 msec, total: 9405 msec)
#=#=#=# Syncrun started 2020-10-14T22:43:49Z
#=#=#=#=# Propagation starts 2020-10-14T22:43:52Z (last step: 2349 msec, total: 2349 msec)
22:43:51||Python Data Structures/3 - Using Python to Access Web Data/Week-5/Extracting Data from XML.py|INST_SYNC|Up|1602715427|225cec444d4dfddc153b35173f8a2182|1513|00028531ochvelgsn5v1|4||204|1508|1602715383|a3f39aed-7846-45d6-abf8-08ff246460e0|
#=#=#=# Syncrun finished 2020-10-14T22:43:53Z (last step: 1025 msec, total: 3374 msec)
#=#=#=# Syncrun started 2020-10-14T22:44:18Z
#=#=#=#=# Propagation starts 2020-10-14T22:44:20Z (last step: 2480 msec, total: 2480 msec)
22:44:20||Python Data Structures/3 - Using Python to Access Web Data/Week-5/Extracting Data from XML.py|INST_SYNC|Up|1602715456|66af8864cc040d0bfef30770b415cfd8|1520|00028531ochvelgsn5v1|4||204|1513|1602715427|e783bdce-97c3-4327-9318-df75c87a4110|
#=#=#=# Syncrun finished 2020-10-14T22:44:28Z (last step: 7381 msec, total: 9861 msec)
#=#=#=# Syncrun started 2020-10-14T22:44:33Z
#=#=#=#=# Propagation starts 2020-10-14T22:44:35Z (last step: 2012 msec, total: 2012 msec)
22:44:34||Python Data Structures/3 - Using Python to Access Web Data/Week-5/Extracting Data from XML.py|INST_SYNC|Up|1602715468|fddbc97bf8c105689c22ca8fe3ba0224|1527|00028531ochvelgsn5v1|4||204|1520|1602715456|29cf4f0a-c43a-4c3f-9e6b-dbec7947bd9d|
#=#=#=# Syncrun finished 2020-10-14T22:44:36Z (last step: 873 msec, total: 2885 msec)
#=#=#=# Syncrun started 2020-10-14T22:44:44Z
#=#=#=#=# Propagation starts 2020-10-14T22:44:46Z (last step: 1729 msec, total: 1729 msec)
22:44:45||Python Data Structures/3 - Using Python to Access Web Data/Week-5/Extracting Data from XML.py|INST_SYNC|Up|1602715482|799fecee5595534d59d65e0cc1fce069|1525|00028531ochvelgsn5v1|4||204|1527|1602715468|050d7b5d-87a2-4aad-be39-73dac283e599|
#=#=#=# Syncrun finished 2020-10-14T22:44:46Z (last step: 794 msec, total: 2524 msec)
#=#=#=# Syncrun started 2020-10-14T22:45:28Z
#=#=#=#=# Propagation starts 2020-10-14T22:45:30Z (last step: 2244 msec, total: 2244 msec)
22:45:29||Python Data Structures/3 - Using Python to Access Web Data/Week-5/Extracting Data from XML.py|INST_SYNC|Up|1602715526|0183f9936ff91ad8b717756610482d4c|1572|00028531ochvelgsn5v1|4||204|1525|1602715482|3790782d-cfdf-4ba3-a3d7-7703e64caf3d|
#=#=#=# Syncrun finished 2020-10-14T22:45:33Z (last step: 2235 msec, total: 4479 msec)
#=#=#=# Syncrun started 2020-10-14T22:45:40Z
#=#=#=#=# Propagation starts 2020-10-14T22:45:44Z (last step: 3315 msec, total: 3315 msec)
22:45:43||Python Data Structures/3 - Using Python to Access Web Data/Week-5/Extracting Data from XML.py|INST_SYNC|Up|1602715538|4cb8cb0ba39f12259c6afbdb6722de29|1577|00028531ochvelgsn5v1|4||204|1572|1602715526|01db3329-411a-41bc-853a-454fe4febb58|
#=#=#=# Syncrun finished 2020-10-14T22:45:44Z (last step: 950 msec, total: 4266 msec)
#=#=#=# Syncrun started 2020-10-14T22:46:33Z
#=#=#=#=# Propagation starts 2020-10-14T22:46:52Z (last step: 18856 msec, total: 18856 msec)
22:46:51||Python Data Structures/3 - Using Python to Access Web Data/Week-5/Extracting Data from XML.py|INST_SYNC|Up|1602715591|ff43c399a856268bd5dd8284208244a8|1577|00028531ochvelgsn5v1|4||204|1577|1602715538|2bf420ec-3017-4784-bc87-b06b3049ff23|
#=#=#=# Syncrun finished 2020-10-14T22:46:58Z (last step: 6484 msec, total: 25340 msec)
#=#=#=# Syncrun started 2020-10-14T22:47:41Z
#=#=#=#=# Propagation starts 2020-10-14T22:47:43Z (last step: 2381 msec, total: 2381 msec)
#=#=#=# Syncrun finished 2020-10-14T22:47:43Z (last step: 9 msec, total: 2390 msec)
#=#=#=# Syncrun started 2020-10-14T22:51:27Z
#=#=#=#=# Propagation starts 2020-10-14T22:51:27Z (last step: 796 msec, total: 796 msec)
||Python Data Structures/3 - Using Python to Access Web Data/Week-6/Extracting Data from JSON.py|INST_SYNC|Up|1602715886|de0e3f758042665b1700e0ba22b75b9c|900|00028532ochvelgsn5v1|3|Local file changed during sync.|0|1175|1602278604||
22:51:26||Python Data Structures/3 - Using Python to Access Web Data/Week-6/Using the GeoJSON API.py|INST_SYNC|Up|1602715885|3b861bd745d30fa8d52655a43ae3c1ba|1077|00028533ochvelgsn5v1|4||204|1718|1602278605|3abd6e58-a5cf-444a-8a60-206667973e0e|
#=#=#=# Syncrun finished 2020-10-14T22:51:28Z (last step: 853 msec, total: 1650 msec)
#=#=#=# Syncrun started 2020-10-14T22:51:30Z
#=#=#=#=# Propagation starts 2020-10-14T22:51:33Z (last step: 3232 msec, total: 3232 msec)
